00-InitPython-generalites.ipynb
01-InitPython-langage.ipynb
02-InitPython-langage.ipynb
03-InitPython-microprojet.ipynb
mon_module.py
fig/compile_interprete.png
fig/python-logo.png
exos/alphabet.py
exos/boule.py
exos/chaine_donnee.py
exos/chaines.py
exos/chevalier.py
exos/chevalier_ret.py
exos/decompte.py
exos/donne_rien.py
exos/fichiers.py
exos/meteo_json.py
exos/num2bin.py
exos/odds.py
exos/pass.py
exos/reverse.py
exos/stat.py
exos/stat.pyc
exos/taille.py
exos/trad_num.py
exos/ttc.py
exos/type_conv.py
interessant.txt
README.md
